<?xml version="1.0" encoding="UTF-8"?>
<testsuite name="com.stock.manager.file.GoogleFileUploaderTest" tests="1" skipped="0" failures="0" errors="0" timestamp="2021-02-27T11:11:14" hostname="DESKTOP-Q98PIUH" time="0.02">
  <properties/>
  <testcase name="testFileUploader()" classname="com.stock.manager.file.GoogleFileUploaderTest" time="0.02"/>
  <system-out><![CDATA[]]></system-out>
  <system-err><![CDATA[]]></system-err>
</testsuite>
